2025/02/22 08:22:14 [notice] 1#1: using the "epoll" event method
2025/02/22 08:22:14 [notice] 1#1: nginx/1.27.4
2025/02/22 08:22:14 [notice] 1#1: built by gcc 14.2.0 (Alpine 14.2.0) 
2025/02/22 08:22:14 [notice] 1#1: OS: Linux 5.15.167.4-microsoft-standard-WSL2
2025/02/22 08:22:14 [notice] 1#1: getrlimit(RLIMIT_NOFILE): 1048576:1048576
2025/02/22 08:22:14 [notice] 1#1: start worker processes
2025/02/22 08:22:14 [notice] 1#1: start worker process 29
2025/02/22 08:22:14 [notice] 1#1: start worker process 30
2025/02/22 08:22:14 [notice] 1#1: start worker process 31
2025/02/22 08:22:14 [notice] 1#1: start worker process 32
2025/02/22 08:22:14 [notice] 1#1: start worker process 33
2025/02/22 08:22:14 [notice] 1#1: start worker process 34
2025/02/22 08:22:14 [notice] 1#1: start worker process 35
2025/02/22 08:22:14 [notice] 1#1: start worker process 36
2025/02/22 08:22:14 [notice] 1#1: start worker process 37
2025/02/22 08:22:14 [notice] 1#1: start worker process 38
2025/02/22 08:22:14 [notice] 1#1: start worker process 39
2025/02/22 08:22:14 [notice] 1#1: start worker process 40
2025/02/22 08:22:14 [notice] 1#1: start worker process 41
2025/02/22 08:22:14 [notice] 1#1: start worker process 42
2025/02/22 08:22:14 [notice] 1#1: start worker process 43
2025/02/22 08:22:14 [notice] 1#1: start worker process 44
2025/02/22 08:22:14 [notice] 1#1: start worker process 45
2025/02/22 08:22:14 [notice] 1#1: start worker process 46
2025/02/22 08:22:14 [notice] 1#1: start worker process 47
2025/02/22 08:22:14 [notice] 1#1: start worker process 48
2025/02/22 08:22:14 [notice] 1#1: start worker process 49
2025/02/22 08:22:14 [notice] 1#1: start worker process 50
2025/02/22 08:22:14 [notice] 1#1: start worker process 51
2025/02/22 08:22:14 [notice] 1#1: start worker process 52
2025/02/22 08:22:14 [notice] 1#1: start worker process 53
2025/02/22 08:22:14 [notice] 1#1: start worker process 54
2025/02/22 08:22:14 [notice] 1#1: start worker process 55
2025/02/22 08:22:14 [notice] 1#1: start worker process 56
2025/02/22 08:22:14 [notice] 1#1: start worker process 57
2025/02/22 08:22:14 [notice] 1#1: start worker process 58
2025/02/22 08:22:14 [notice] 1#1: start worker process 59
2025/02/22 08:22:14 [notice] 1#1: start worker process 60
2025/02/22 08:22:14 [notice] 1#1: start worker process 61
2025/02/22 08:22:14 [notice] 1#1: start worker process 62
2025/02/22 08:22:14 [notice] 1#1: start worker process 63
2025/02/22 08:22:14 [notice] 1#1: start worker process 64
2025/02/22 08:22:14 [notice] 1#1: start worker process 65
2025/02/22 08:22:14 [notice] 1#1: start worker process 66
2025/02/22 08:22:14 [notice] 1#1: start worker process 67
2025/02/22 08:22:14 [notice] 1#1: start worker process 68
2025/02/22 08:22:14 [notice] 1#1: start worker process 69
2025/02/22 08:22:14 [notice] 1#1: start worker process 70
2025/02/22 08:22:14 [notice] 1#1: start worker process 71
2025/02/22 08:22:14 [notice] 1#1: start worker process 72
2025/02/22 08:22:14 [notice] 1#1: start worker process 73
2025/02/22 08:22:14 [notice] 1#1: start worker process 74
2025/02/22 08:22:14 [notice] 1#1: start worker process 75
2025/02/22 08:22:14 [notice] 1#1: start worker process 76
2025/02/22 09:53:49 [notice] 1#1: signal 3 (SIGQUIT) received, shutting down
2025/02/22 09:53:49 [notice] 29#29: gracefully shutting down
2025/02/22 09:53:49 [notice] 30#30: gracefully shutting down
2025/02/22 09:53:49 [notice] 49#49: gracefully shutting down
2025/02/22 09:53:49 [notice] 31#31: gracefully shutting down
2025/02/22 09:53:49 [notice] 68#68: gracefully shutting down
2025/02/22 09:53:49 [notice] 32#32: gracefully shutting down
2025/02/22 09:53:49 [notice] 34#34: gracefully shutting down
2025/02/22 09:53:49 [notice] 33#33: gracefully shutting down
2025/02/22 09:53:49 [notice] 35#35: gracefully shutting down
2025/02/22 09:53:49 [notice] 36#36: gracefully shutting down
2025/02/22 09:53:49 [notice] 38#38: gracefully shutting down
2025/02/22 09:53:49 [notice] 37#37: gracefully shutting down
2025/02/22 09:53:49 [notice] 39#39: gracefully shutting down
2025/02/22 09:53:49 [notice] 40#40: gracefully shutting down
2025/02/22 09:53:49 [notice] 42#42: gracefully shutting down
2025/02/22 09:53:49 [notice] 41#41: gracefully shutting down
2025/02/22 09:53:49 [notice] 43#43: gracefully shutting down
2025/02/22 09:53:49 [notice] 29#29: exiting
2025/02/22 09:53:49 [notice] 44#44: gracefully shutting down
2025/02/22 09:53:49 [notice] 45#45: gracefully shutting down
2025/02/22 09:53:49 [notice] 46#46: gracefully shutting down
2025/02/22 09:53:49 [notice] 47#47: gracefully shutting down
2025/02/22 09:53:49 [notice] 48#48: gracefully shutting down
2025/02/22 09:53:49 [notice] 50#50: gracefully shutting down
2025/02/22 09:53:49 [notice] 51#51: gracefully shutting down
2025/02/22 09:53:49 [notice] 30#30: exiting
2025/02/22 09:53:49 [notice] 52#52: gracefully shutting down
2025/02/22 09:53:49 [notice] 53#53: gracefully shutting down
2025/02/22 09:53:49 [notice] 54#54: gracefully shutting down
2025/02/22 09:53:49 [notice] 55#55: gracefully shutting down
2025/02/22 09:53:49 [notice] 56#56: gracefully shutting down
2025/02/22 09:53:49 [notice] 57#57: gracefully shutting down
2025/02/22 09:53:49 [notice] 58#58: gracefully shutting down
2025/02/22 09:53:49 [notice] 59#59: gracefully shutting down
2025/02/22 09:53:49 [notice] 60#60: gracefully shutting down
2025/02/22 09:53:49 [notice] 49#49: exiting
2025/02/22 09:53:49 [notice] 61#61: gracefully shutting down
2025/02/22 09:53:49 [notice] 62#62: gracefully shutting down
2025/02/22 09:53:49 [notice] 63#63: gracefully shutting down
2025/02/22 09:53:49 [notice] 64#64: gracefully shutting down
2025/02/22 09:53:49 [notice] 65#65: gracefully shutting down
2025/02/22 09:53:49 [notice] 66#66: gracefully shutting down
2025/02/22 09:53:49 [notice] 67#67: gracefully shutting down
2025/02/22 09:53:49 [notice] 69#69: gracefully shutting down
2025/02/22 09:53:49 [notice] 70#70: gracefully shutting down
2025/02/22 09:53:49 [notice] 31#31: exiting
2025/02/22 09:53:49 [notice] 71#71: gracefully shutting down
2025/02/22 09:53:49 [notice] 72#72: gracefully shutting down
2025/02/22 09:53:49 [notice] 73#73: gracefully shutting down
2025/02/22 09:53:49 [notice] 74#74: gracefully shutting down
2025/02/22 09:53:49 [notice] 75#75: gracefully shutting down
2025/02/22 09:53:49 [notice] 76#76: gracefully shutting down
2025/02/22 09:53:49 [notice] 68#68: exiting
2025/02/22 09:53:49 [notice] 32#32: exiting
2025/02/22 09:53:49 [notice] 34#34: exiting
2025/02/22 09:53:49 [notice] 33#33: exiting
2025/02/22 09:53:49 [notice] 35#35: exiting
2025/02/22 09:53:49 [notice] 36#36: exiting
2025/02/22 09:53:49 [notice] 38#38: exiting
2025/02/22 09:53:49 [notice] 37#37: exiting
2025/02/22 09:53:49 [notice] 39#39: exiting
2025/02/22 09:53:49 [notice] 37#37: exit
2025/02/22 09:53:49 [notice] 40#40: exiting
2025/02/22 09:53:49 [notice] 42#42: exiting
2025/02/22 09:53:49 [notice] 41#41: exiting
2025/02/22 09:53:49 [notice] 43#43: exiting
2025/02/22 09:53:49 [notice] 29#29: exit
2025/02/22 09:53:49 [notice] 43#43: exit
2025/02/22 09:53:49 [notice] 44#44: exiting
2025/02/22 09:53:49 [notice] 45#45: exiting
2025/02/22 09:53:49 [notice] 46#46: exiting
2025/02/22 09:53:49 [notice] 47#47: exiting
2025/02/22 09:53:49 [notice] 48#48: exiting
2025/02/22 09:53:49 [notice] 47#47: exit
2025/02/22 09:53:49 [notice] 50#50: exiting
2025/02/22 09:53:49 [notice] 51#51: exiting
2025/02/22 09:53:49 [notice] 50#50: exit
2025/02/22 09:53:49 [notice] 30#30: exit
2025/02/22 09:53:49 [notice] 52#52: exiting
2025/02/22 09:53:49 [notice] 53#53: exiting
2025/02/22 09:53:49 [notice] 54#54: exiting
2025/02/22 09:53:49 [notice] 55#55: exiting
2025/02/22 09:53:49 [notice] 56#56: exiting
2025/02/22 09:53:49 [notice] 55#55: exit
2025/02/22 09:53:49 [notice] 57#57: exiting
2025/02/22 09:53:49 [notice] 58#58: exiting
2025/02/22 09:53:49 [notice] 59#59: exiting
2025/02/22 09:53:49 [notice] 60#60: exiting
2025/02/22 09:53:49 [notice] 49#49: exit
2025/02/22 09:53:49 [notice] 61#61: exiting
2025/02/22 09:53:49 [notice] 62#62: exiting
2025/02/22 09:53:49 [notice] 63#63: exiting
2025/02/22 09:53:49 [notice] 64#64: exiting
2025/02/22 09:53:49 [notice] 63#63: exit
2025/02/22 09:53:49 [notice] 65#65: exiting
2025/02/22 09:53:49 [notice] 66#66: exiting
2025/02/22 09:53:49 [notice] 67#67: exiting
2025/02/22 09:53:49 [notice] 69#69: exiting
2025/02/22 09:53:49 [notice] 70#70: exiting
2025/02/22 09:53:49 [notice] 31#31: exit
2025/02/22 09:53:49 [notice] 71#71: exiting
2025/02/22 09:53:49 [notice] 72#72: exiting
2025/02/22 09:53:49 [notice] 73#73: exiting
2025/02/22 09:53:49 [notice] 74#74: exiting
2025/02/22 09:53:49 [notice] 75#75: exiting
2025/02/22 09:53:49 [notice] 76#76: exiting
2025/02/22 09:53:49 [notice] 68#68: exit
2025/02/22 09:53:49 [notice] 32#32: exit
2025/02/22 09:53:49 [notice] 34#34: exit
2025/02/22 09:53:49 [notice] 33#33: exit
2025/02/22 09:53:49 [notice] 35#35: exit
2025/02/22 09:53:49 [notice] 36#36: exit
2025/02/22 09:53:49 [notice] 38#38: exit
2025/02/22 09:53:49 [notice] 39#39: exit
2025/02/22 09:53:49 [notice] 40#40: exit
2025/02/22 09:53:49 [notice] 42#42: exit
2025/02/22 09:53:49 [notice] 41#41: exit
2025/02/22 09:53:49 [notice] 44#44: exit
2025/02/22 09:53:49 [notice] 45#45: exit
2025/02/22 09:53:49 [notice] 46#46: exit
2025/02/22 09:53:49 [notice] 48#48: exit
2025/02/22 09:53:49 [notice] 51#51: exit
2025/02/22 09:53:49 [notice] 52#52: exit
2025/02/22 09:53:49 [notice] 53#53: exit
2025/02/22 09:53:49 [notice] 54#54: exit
2025/02/22 09:53:49 [notice] 56#56: exit
2025/02/22 09:53:49 [notice] 57#57: exit
2025/02/22 09:53:49 [notice] 58#58: exit
2025/02/22 09:53:49 [notice] 59#59: exit
2025/02/22 09:53:49 [notice] 60#60: exit
2025/02/22 09:53:49 [notice] 61#61: exit
2025/02/22 09:53:49 [notice] 62#62: exit
2025/02/22 09:53:49 [notice] 64#64: exit
2025/02/22 09:53:49 [notice] 65#65: exit
2025/02/22 09:53:49 [notice] 66#66: exit
2025/02/22 09:53:49 [notice] 67#67: exit
2025/02/22 09:53:49 [notice] 69#69: exit
2025/02/22 09:53:49 [notice] 70#70: exit
2025/02/22 09:53:49 [notice] 71#71: exit
2025/02/22 09:53:49 [notice] 72#72: exit
2025/02/22 09:53:49 [notice] 73#73: exit
2025/02/22 09:53:49 [notice] 74#74: exit
2025/02/22 09:53:49 [notice] 75#75: exit
2025/02/22 09:53:49 [notice] 76#76: exit
2025/02/22 09:53:49 [notice] 1#1: signal 17 (SIGCHLD) received from 43
2025/02/22 09:53:49 [notice] 1#1: worker process 29 exited with code 0
2025/02/22 09:53:49 [notice] 1#1: worker process 30 exited with code 0
2025/02/22 09:53:49 [notice] 1#1: worker process 37 exited with code 0
2025/02/22 09:53:49 [notice] 1#1: worker process 43 exited with code 0
2025/02/22 09:53:49 [notice] 1#1: worker process 47 exited with code 0
2025/02/22 09:53:49 [notice] 1#1: worker process 49 exited with code 0
2025/02/22 09:53:49 [notice] 1#1: worker process 50 exited with code 0
2025/02/22 09:53:49 [notice] 1#1: worker process 55 exited with code 0
2025/02/22 09:53:49 [notice] 1#1: worker process 63 exited with code 0
2025/02/22 09:53:49 [notice] 1#1: signal 29 (SIGIO) received
2025/02/22 09:53:49 [notice] 1#1: signal 17 (SIGCHLD) received from 47
2025/02/22 09:53:49 [notice] 1#1: signal 17 (SIGCHLD) received from 39
2025/02/22 09:53:49 [notice] 1#1: worker process 32 exited with code 0
2025/02/22 09:53:49 [notice] 1#1: worker process 33 exited with code 0
2025/02/22 09:53:49 [notice] 1#1: worker process 36 exited with code 0
2025/02/22 09:53:49 [notice] 1#1: worker process 38 exited with code 0
2025/02/22 09:53:49 [notice] 1#1: worker process 39 exited with code 0
2025/02/22 09:53:49 [notice] 1#1: worker process 40 exited with code 0
2025/02/22 09:53:49 [notice] 1#1: worker process 42 exited with code 0
2025/02/22 09:53:49 [notice] 1#1: worker process 56 exited with code 0
2025/02/22 09:53:49 [notice] 1#1: worker process 68 exited with code 0
2025/02/22 09:53:49 [notice] 1#1: signal 29 (SIGIO) received
2025/02/22 09:53:49 [notice] 1#1: signal 17 (SIGCHLD) received from 40
2025/02/22 09:53:49 [notice] 1#1: signal 17 (SIGCHLD) received from 35
2025/02/22 09:53:49 [notice] 1#1: worker process 35 exited with code 0
2025/02/22 09:53:49 [notice] 1#1: signal 29 (SIGIO) received
2025/02/22 09:53:49 [notice] 1#1: signal 17 (SIGCHLD) received from 62
2025/02/22 09:53:49 [notice] 1#1: worker process 45 exited with code 0
2025/02/22 09:53:49 [notice] 1#1: worker process 53 exited with code 0
2025/02/22 09:53:49 [notice] 1#1: worker process 62 exited with code 0
2025/02/22 09:53:49 [notice] 1#1: worker process 66 exited with code 0
2025/02/22 09:53:49 [notice] 1#1: worker process 70 exited with code 0
2025/02/22 09:53:49 [notice] 1#1: worker process 71 exited with code 0
2025/02/22 09:53:49 [notice] 1#1: worker process 72 exited with code 0
2025/02/22 09:53:49 [notice] 1#1: signal 29 (SIGIO) received
2025/02/22 09:53:49 [notice] 1#1: signal 17 (SIGCHLD) received from 45
2025/02/22 09:53:49 [notice] 1#1: worker process 31 exited with code 0
2025/02/22 09:53:49 [notice] 1#1: worker process 48 exited with code 0
2025/02/22 09:53:49 [notice] 1#1: worker process 54 exited with code 0
2025/02/22 09:53:49 [notice] 1#1: signal 29 (SIGIO) received
2025/02/22 09:53:49 [notice] 1#1: signal 17 (SIGCHLD) received from 48
2025/02/22 09:53:49 [notice] 1#1: signal 17 (SIGCHLD) received from 61
2025/02/22 09:53:49 [notice] 1#1: worker process 57 exited with code 0
2025/02/22 09:53:49 [notice] 1#1: worker process 34 exited with code 0
2025/02/22 09:53:49 [notice] 1#1: worker process 44 exited with code 0
2025/02/22 09:53:49 [notice] 1#1: worker process 46 exited with code 0
2025/02/22 09:53:49 [notice] 1#1: worker process 52 exited with code 0
2025/02/22 09:53:49 [notice] 1#1: worker process 58 exited with code 0
2025/02/22 09:53:49 [notice] 1#1: worker process 59 exited with code 0
2025/02/22 09:53:49 [notice] 1#1: worker process 60 exited with code 0
2025/02/22 09:53:49 [notice] 1#1: worker process 61 exited with code 0
2025/02/22 09:53:49 [notice] 1#1: worker process 64 exited with code 0
2025/02/22 09:53:49 [notice] 1#1: worker process 65 exited with code 0
2025/02/22 09:53:49 [notice] 1#1: worker process 41 exited with code 0
2025/02/22 09:53:49 [notice] 1#1: worker process 51 exited with code 0
2025/02/22 09:53:49 [notice] 1#1: worker process 67 exited with code 0
2025/02/22 09:53:49 [notice] 1#1: worker process 69 exited with code 0
2025/02/22 09:53:49 [notice] 1#1: worker process 73 exited with code 0
2025/02/22 09:53:49 [notice] 1#1: worker process 74 exited with code 0
2025/02/22 09:53:49 [notice] 1#1: worker process 75 exited with code 0
2025/02/22 09:53:49 [notice] 1#1: worker process 76 exited with code 0
2025/02/22 09:53:49 [notice] 1#1: exit
